<?xml version="1.0" encoding="UTF-8"?>
<!-- Generated by org.testng.reporters.JUnitReportReporter -->
<testsuite hostname="IBM-PF2ZG32E" failures="0" tests="1" name="SeleniumPractice.AssertLogic1" time="21.470" errors="0" timestamp="2022-05-31T15:47:10 IST" skipped="0">
  <testcase classname="SeleniumPractice.AssertLogic1" name="testCase1" time="21.470"/>
  <system-out/>
</testsuite> <!-- SeleniumPractice.AssertLogic1 -->
