<?xml version="1.0" encoding="UTF-8"?>
<!-- Generated by org.testng.reporters.JUnitReportReporter -->
<testsuite hostname="IBM-PF2ZG32E" failures="0" tests="4" name="SeleniumPractice.TestNG6" time="0.012" errors="0" timestamp="2022-05-25T22:42:24 IST" skipped="0">
  <testcase classname="SeleniumPractice.TestNG6" name="b" time="0.001"/>
  <system-out/>
  <testcase classname="SeleniumPractice.TestNG6" name="c" time="0.001"/>
  <system-out/>
  <testcase classname="SeleniumPractice.TestNG6" name="a" time="0.008"/>
  <system-out/>
  <testcase classname="SeleniumPractice.TestNG6" name="c" time="0.002"/>
  <system-out/>
</testsuite> <!-- SeleniumPractice.TestNG6 -->
