<?xml version="1.0" encoding="UTF-8"?>
<!-- Generated by org.testng.reporters.JUnitReportReporter -->
<testsuite hostname="IBM-PF2ZG32E" failures="0" tests="4" name="SeleniumPractice.TestNG5" time="0.002" errors="0" timestamp="2022-05-24T22:35:01 IST" skipped="2">
  <testcase classname="SeleniumPractice.TestNG5" name="c" time="0.000"/>
  <system-out/>
  <testcase classname="SeleniumPractice.TestNG5" name="a" time="0.000"/>
  <system-out/>
  <testcase classname="SeleniumPractice.TestNG5" name="d" time="0.002">
    <skipped/>
  </testcase> <!-- d -->
  <system-out/>
  <testcase classname="SeleniumPractice.TestNG5" name="b">
    <skipped/>
  </testcase> <!-- b -->
  <system-out/>
</testsuite> <!-- SeleniumPractice.TestNG5 -->
