<?xml version="1.0" encoding="UTF-8"?>
<!-- Generated by org.testng.reporters.JUnitReportReporter -->
<testsuite hostname="IBM-PF2ZG32E" failures="0" tests="1" name="SeleniumPractice.Assertion3" time="0.011" errors="0" timestamp="2022-06-09T15:01:26 IST" skipped="0">
  <testcase classname="SeleniumPractice.Assertion3" name="testcase1" time="0.011"/>
  <system-out/>
</testsuite> <!-- SeleniumPractice.Assertion3 -->
