<?xml version="1.0" encoding="UTF-8"?>
<!-- Generated by org.testng.reporters.JUnitReportReporter -->
<testsuite hostname="IBM-PF2ZG32E" failures="0" tests="1" name="SeleniumPractice.TestNG8" time="0.001" errors="0" timestamp="2022-05-24T22:35:01 IST" skipped="0">
  <testcase classname="SeleniumPractice.TestNG8" name="assertionCheck" time="0.001"/>
  <system-out/>
</testsuite> <!-- SeleniumPractice.TestNG8 -->
