<?xml version="1.0" encoding="UTF-8"?>
<!-- Generated by org.testng.reporters.JUnitReportReporter -->
<testsuite hostname="IBM-PF2ZG32E" failures="0" tests="7" name="SeleniumPractice.TestNG4" time="0.006" errors="0" timestamp="2022-05-24T22:35:01 IST" skipped="0">
  <testcase classname="SeleniumPractice.TestNG4" name="b" time="0.001"/>
  <system-out/>
  <testcase classname="SeleniumPractice.TestNG4" name="a" time="0.001"/>
  <system-out/>
  <testcase classname="SeleniumPractice.TestNG4" name="s" time="0.001"/>
  <system-out/>
  <testcase classname="SeleniumPractice.TestNG4" name="e" time="0.001"/>
  <system-out/>
  <testcase classname="SeleniumPractice.TestNG4" name="z" time="0.001"/>
  <system-out/>
  <testcase classname="SeleniumPractice.TestNG4" name="f" time="0.001"/>
  <system-out/>
  <testcase classname="SeleniumPractice.TestNG4" name="d" time="0.000"/>
  <system-out/>
</testsuite> <!-- SeleniumPractice.TestNG4 -->
