<?xml version="1.0" encoding="UTF-8"?>
<!-- Generated by org.testng.reporters.JUnitReportReporter -->
<testsuite hostname="IBM-PF2ZG32E" failures="0" tests="2" name="SeleniumPractice.TestNG9" time="2.107" errors="0" timestamp="2022-05-26T21:53:53 IST" skipped="0">
  <testcase classname="SeleniumPractice.TestNG9" name="enterCredential" time="1.386"/>
  <system-out/>
  <testcase classname="SeleniumPractice.TestNG9" name="enterCredential" time="0.721"/>
  <system-out/>
</testsuite> <!-- SeleniumPractice.TestNG9 -->
