<?xml version="1.0" encoding="UTF-8"?>
<!-- Generated by org.testng.reporters.JUnitReportReporter -->
<testsuite hostname="IBM-PF2ZG32E" failures="0" tests="3" name="SeleniumPractice.TestNg1" time="0.003" errors="0" timestamp="2022-05-24T22:35:01 IST" skipped="0">
  <testcase classname="SeleniumPractice.TestNg1" name="b" time="0.001"/>
  <system-out/>
  <testcase classname="SeleniumPractice.TestNg1" name="a" time="0.001"/>
  <system-out/>
  <testcase classname="SeleniumPractice.TestNg1" name="c" time="0.001"/>
  <system-out/>
</testsuite> <!-- SeleniumPractice.TestNg1 -->
